This is pdfTeX, Version 3.14159265-2.6-1.40.18 (TeX Live 2017) (preloaded format=pdflatex 2018.3.31)  29 DEC 2020 10:01
entering extended mode
 restricted \write18 enabled.
 file:line:error style messages enabled.
 %&-line parsing enabled.
**Second_Form_V1.tex
(./Second_Form_V1.tex
LaTeX2e <2017-04-15>
Babel <3.10> and hyphenation patterns for 84 language(s) loaded.
(./imsart.cls
Document Class: imsart 2020/08/05 driver class for package imsart.sty
(/usr/local/texlive/2017/texmf-dist/tex/latex/base/article.cls
Document Class: article 2014/09/29 v1.4h Standard LaTeX document class
(/usr/local/texlive/2017/texmf-dist/tex/latex/base/leqno.clo
File: leqno.clo 2016/12/29 v1.2a Standard LaTeX option (left equation numbers)
)
(/usr/local/texlive/2017/texmf-dist/tex/latex/base/size11.clo
File: size11.clo 2014/09/29 v1.4h Standard LaTeX file (size option)
)
\c@part=\count79
\c@section=\count80
\c@subsection=\count81
\c@subsubsection=\count82
\c@paragraph=\count83
\c@subparagraph=\count84
\c@figure=\count85
\c@table=\count86
\abovecaptionskip=\skip41
\belowcaptionskip=\skip42
\bibindent=\dimen102
) (./imsart.sty
File: imsart.sty 2020/08/06 IMS article style (VS)

(/usr/local/texlive/2017/texmf-dist/tex/latex/etoolbox/etoolbox.sty
Package: etoolbox 2017/01/02 v2.4 e-TeX tools for LaTeX (JAW)
\etb@tempcnta=\count87
)
No file imsart.cnf.
(/usr/local/texlive/2017/texmf-dist/tex/latex/base/leqno.clo
File: leqno.clo 2016/12/29 v1.2a Standard LaTeX option (left equation numbers)
)
\c@firstpage=\count88
\c@lastpage=\count89
\c@thanks=\count90
\c@addressref=\count91

(/usr/local/texlive/2017/texmf-dist/tex/latex/graphics/keyval.sty
Package: keyval 2014/10/28 v1.15 key=value parser (DPC)
\KV@toks@=\toks14
)
\c@emailref=\count92
\c@author=\count93
\c@address=\count94
\sv@mathsurround=\dimen103
\sv@parindent=\dimen104
\fm@box=\box26
\fm@size=\dimen105
\t@xtheight=\dimen106
\abstract@box=\box27
\keyword@box=\box28
\pre@kwd@depth=\dimen107
\keyword@toks=\toks15

(/usr/local/texlive/2017/texmf-dist/tex/latex/base/fontenc.sty
Package: fontenc 2017/04/05 v2.0i Standard LaTeX package

(/usr/local/texlive/2017/texmf-dist/tex/latex/base/t1enc.def
File: t1enc.def 2017/04/05 v2.0i Standard LaTeX file
LaTeX Font Info:    Redeclaring font encoding T1 on input line 48.
))
(/usr/local/texlive/2017/texmf-dist/tex/latex/psnfss/times.sty
Package: times 2005/04/12 PSNFSS-v9.2a (SPQR) 
)
(/usr/local/texlive/2017/texmf-dist/tex/latex/psnfss/helvet.sty
Package: helvet 2005/04/12 PSNFSS-v9.2a (WaS) 
)
(/usr/local/texlive/2017/texmf-dist/tex/latex/base/textcomp.sty
Package: textcomp 2017/04/05 v2.0i Standard LaTeX package
Package textcomp Info: Sub-encoding information:
(textcomp)               5 = only ISO-Adobe without \textcurrency
(textcomp)               4 = 5 + \texteuro
(textcomp)               3 = 4 + \textohm
(textcomp)               2 = 3 + \textestimated + \textcurrency
(textcomp)               1 = TS1 - \textcircled - \t
(textcomp)               0 = TS1 (full)
(textcomp)             Font families with sub-encoding setting implement
(textcomp)             only a restricted character set as indicated.
(textcomp)             Family '?' is the default used for unknown fonts.
(textcomp)             See the documentation for details.
Package textcomp Info: Setting ? sub-encoding to TS1/1 on input line 79.

(/usr/local/texlive/2017/texmf-dist/tex/latex/base/ts1enc.def
File: ts1enc.def 2001/06/05 v3.0e (jk/car/fm) Standard LaTeX file
)
LaTeX Info: Redefining \oldstylenums on input line 334.
Package textcomp Info: Setting cmr sub-encoding to TS1/0 on input line 349.
Package textcomp Info: Setting cmss sub-encoding to TS1/0 on input line 350.
Package textcomp Info: Setting cmtt sub-encoding to TS1/0 on input line 351.
Package textcomp Info: Setting cmvtt sub-encoding to TS1/0 on input line 352.
Package textcomp Info: Setting cmbr sub-encoding to TS1/0 on input line 353.
Package textcomp Info: Setting cmtl sub-encoding to TS1/0 on input line 354.
Package textcomp Info: Setting ccr sub-encoding to TS1/0 on input line 355.
Package textcomp Info: Setting ptm sub-encoding to TS1/4 on input line 356.
Package textcomp Info: Setting pcr sub-encoding to TS1/4 on input line 357.
Package textcomp Info: Setting phv sub-encoding to TS1/4 on input line 358.
Package textcomp Info: Setting ppl sub-encoding to TS1/3 on input line 359.
Package textcomp Info: Setting pag sub-encoding to TS1/4 on input line 360.
Package textcomp Info: Setting pbk sub-encoding to TS1/4 on input line 361.
Package textcomp Info: Setting pnc sub-encoding to TS1/4 on input line 362.
Package textcomp Info: Setting pzc sub-encoding to TS1/4 on input line 363.
Package textcomp Info: Setting bch sub-encoding to TS1/4 on input line 364.
Package textcomp Info: Setting put sub-encoding to TS1/5 on input line 365.
Package textcomp Info: Setting uag sub-encoding to TS1/5 on input line 366.
Package textcomp Info: Setting ugq sub-encoding to TS1/5 on input line 367.
Package textcomp Info: Setting ul8 sub-encoding to TS1/4 on input line 368.
Package textcomp Info: Setting ul9 sub-encoding to TS1/4 on input line 369.
Package textcomp Info: Setting augie sub-encoding to TS1/5 on input line 370.
Package textcomp Info: Setting dayrom sub-encoding to TS1/3 on input line 371.
Package textcomp Info: Setting dayroms sub-encoding to TS1/3 on input line 372.

Package textcomp Info: Setting pxr sub-encoding to TS1/0 on input line 373.
Package textcomp Info: Setting pxss sub-encoding to TS1/0 on input line 374.
Package textcomp Info: Setting pxtt sub-encoding to TS1/0 on input line 375.
Package textcomp Info: Setting txr sub-encoding to TS1/0 on input line 376.
Package textcomp Info: Setting txss sub-encoding to TS1/0 on input line 377.
Package textcomp Info: Setting txtt sub-encoding to TS1/0 on input line 378.
Package textcomp Info: Setting lmr sub-encoding to TS1/0 on input line 379.
Package textcomp Info: Setting lmdh sub-encoding to TS1/0 on input line 380.
Package textcomp Info: Setting lmss sub-encoding to TS1/0 on input line 381.
Package textcomp Info: Setting lmssq sub-encoding to TS1/0 on input line 382.
Package textcomp Info: Setting lmvtt sub-encoding to TS1/0 on input line 383.
Package textcomp Info: Setting lmtt sub-encoding to TS1/0 on input line 384.
Package textcomp Info: Setting qhv sub-encoding to TS1/0 on input line 385.
Package textcomp Info: Setting qag sub-encoding to TS1/0 on input line 386.
Package textcomp Info: Setting qbk sub-encoding to TS1/0 on input line 387.
Package textcomp Info: Setting qcr sub-encoding to TS1/0 on input line 388.
Package textcomp Info: Setting qcs sub-encoding to TS1/0 on input line 389.
Package textcomp Info: Setting qpl sub-encoding to TS1/0 on input line 390.
Package textcomp Info: Setting qtm sub-encoding to TS1/0 on input line 391.
Package textcomp Info: Setting qzc sub-encoding to TS1/0 on input line 392.
Package textcomp Info: Setting qhvc sub-encoding to TS1/0 on input line 393.
Package textcomp Info: Setting futs sub-encoding to TS1/4 on input line 394.
Package textcomp Info: Setting futx sub-encoding to TS1/4 on input line 395.
Package textcomp Info: Setting futj sub-encoding to TS1/4 on input line 396.
Package textcomp Info: Setting hlh sub-encoding to TS1/3 on input line 397.
Package textcomp Info: Setting hls sub-encoding to TS1/3 on input line 398.
Package textcomp Info: Setting hlst sub-encoding to TS1/3 on input line 399.
Package textcomp Info: Setting hlct sub-encoding to TS1/5 on input line 400.
Package textcomp Info: Setting hlx sub-encoding to TS1/5 on input line 401.
Package textcomp Info: Setting hlce sub-encoding to TS1/5 on input line 402.
Package textcomp Info: Setting hlcn sub-encoding to TS1/5 on input line 403.
Package textcomp Info: Setting hlcw sub-encoding to TS1/5 on input line 404.
Package textcomp Info: Setting hlcf sub-encoding to TS1/5 on input line 405.
Package textcomp Info: Setting pplx sub-encoding to TS1/3 on input line 406.
Package textcomp Info: Setting pplj sub-encoding to TS1/3 on input line 407.
Package textcomp Info: Setting ptmx sub-encoding to TS1/4 on input line 408.
Package textcomp Info: Setting ptmj sub-encoding to TS1/4 on input line 409.
)
(/usr/local/texlive/2017/texmf-dist/tex/latex/textcase/textcase.sty
Package: textcase 2004/10/07 v0.07 Text only upper/lower case changing (DPC)
)
LaTeX Font Info:    Try loading font information for T1+ptm on input line 2522.


(/usr/local/texlive/2017/texmf-dist/tex/latex/psnfss/t1ptm.fd
File: t1ptm.fd 2001/06/04 font definitions for T1/ptm.
)
\c@longlist=\count95
\mathindent=\skip43
\authors@list=\toks16
\keywords@list=\toks17

No file imsart-aos.cnf.
No file imsart-vtex.cnf.
)) (/usr/local/texlive/2017/texmf-dist/tex/latex/amscls/amsthm.sty
Package: amsthm 2015/03/04 v2.20.2
\thm@style=\toks18
\thm@bodyfont=\toks19
\thm@headfont=\toks20
\thm@notefont=\toks21
\thm@headpunct=\toks22
\thm@preskip=\skip44
\thm@postskip=\skip45
\thm@headsep=\skip46
\dth@everypar=\toks23
)
(/usr/local/texlive/2017/texmf-dist/tex/latex/amsmath/amsmath.sty
Package: amsmath 2016/11/05 v2.16a AMS math features
\@mathmargin=\skip47

For additional information on amsmath, use the `?' option.
(/usr/local/texlive/2017/texmf-dist/tex/latex/amsmath/amstext.sty
Package: amstext 2000/06/29 v2.01 AMS text

(/usr/local/texlive/2017/texmf-dist/tex/latex/amsmath/amsgen.sty
File: amsgen.sty 1999/11/30 v2.0 generic functions
\@emptytoks=\toks24
\ex@=\dimen108
))
(/usr/local/texlive/2017/texmf-dist/tex/latex/amsmath/amsbsy.sty
Package: amsbsy 1999/11/29 v1.2d Bold Symbols
\pmbraise@=\dimen109
)
(/usr/local/texlive/2017/texmf-dist/tex/latex/amsmath/amsopn.sty
Package: amsopn 2016/03/08 v2.02 operator names
)
\inf@bad=\count96
LaTeX Info: Redefining \frac on input line 213.
\uproot@=\count97
\leftroot@=\count98
LaTeX Info: Redefining \overline on input line 375.
\classnum@=\count99
\DOTSCASE@=\count100
LaTeX Info: Redefining \ldots on input line 472.
LaTeX Info: Redefining \dots on input line 475.
LaTeX Info: Redefining \cdots on input line 596.
\Mathstrutbox@=\box29
\strutbox@=\box30
\big@size=\dimen110
LaTeX Font Info:    Redeclaring font encoding OML on input line 712.
LaTeX Font Info:    Redeclaring font encoding OMS on input line 713.
\macc@depth=\count101
\c@MaxMatrixCols=\count102
\dotsspace@=\muskip10
\c@parentequation=\count103
\dspbrk@lvl=\count104
\tag@help=\toks25
\row@=\count105
\column@=\count106
\maxfields@=\count107
\andhelp@=\toks26
\eqnshift@=\dimen111
\alignsep@=\dimen112
\tagshift@=\dimen113
\tagwidth@=\dimen114
\totwidth@=\dimen115
\lineht@=\dimen116
\@envbody=\toks27
\multlinegap=\skip48
\multlinetaggap=\skip49
\mathdisplay@stack=\toks28
LaTeX Info: Redefining \[ on input line 2817.
LaTeX Info: Redefining \] on input line 2818.
)
(/usr/local/texlive/2017/texmf-dist/tex/latex/amsfonts/amsfonts.sty
Package: amsfonts 2013/01/14 v3.01 Basic AMSFonts support
\symAMSa=\mathgroup4
\symAMSb=\mathgroup5
LaTeX Font Info:    Overwriting math alphabet `\mathfrak' in version `bold'
(Font)                  U/euf/m/n --> U/euf/b/n on input line 106.
)
(/usr/local/texlive/2017/texmf-dist/tex/latex/amsfonts/amssymb.sty
Package: amssymb 2013/01/14 v3.01 AMS font symbols
)
(/usr/local/texlive/2017/texmf-dist/tex/latex/multirow/multirow.sty
Package: multirow 2016/11/25 v2.2 Span multiple rows of a table
\multirow@colwidth=\skip50
\multirow@cntb=\count108
\multirow@dima=\skip51
\bigstrutjot=\dimen117
)
(/usr/local/texlive/2017/texmf-dist/tex/latex/bbm-macros/bbm.sty
Package: bbm 1999/03/15 V 1.2 provides fonts for set symbols - TH
LaTeX Font Info:    Overwriting math alphabet `\mathbbm' in version `bold'
(Font)                  U/bbm/m/n --> U/bbm/bx/n on input line 33.
LaTeX Font Info:    Overwriting math alphabet `\mathbbmss' in version `bold'
(Font)                  U/bbmss/m/n --> U/bbmss/bx/n on input line 35.
)
(/usr/local/texlive/2017/texmf-dist/tex/latex/autobreak/autobreak.sty
Package: autobreak 2017/02/23 v0.3 simple line breaking of long formulae
\everybeforeautobreak=\toks29
\everyafterautobreak=\toks30
\@autobreak@alltoks=\toks31
\@autobreak@linetoks=\toks32
\@autobreak@lhswidth=\dimen118
\@autobreak@rhswidth=\dimen119
\@autobreak@maxlhswidth=\dimen120
\@autobreak@realmaxlhswidth=\dimen121
\@autobreak@maxrhswidth=\dimen122
\c@@autobreak@eqnindex=\count109
\c@@autobreak@subeqnindex=\count110

(/usr/local/texlive/2017/texmf-dist/tex/generic/oberdiek/catchfile.sty
Package: catchfile 2016/05/16 v1.7 Catch the contents of a file (HO)

(/usr/local/texlive/2017/texmf-dist/tex/generic/oberdiek/infwarerr.sty
Package: infwarerr 2016/05/16 v1.4 Providing info/warning/error messages (HO)
)
(/usr/local/texlive/2017/texmf-dist/tex/generic/oberdiek/ltxcmds.sty
Package: ltxcmds 2016/05/16 v1.23 LaTeX kernel commands for general use (HO)
)
(/usr/local/texlive/2017/texmf-dist/tex/generic/oberdiek/etexcmds.sty
Package: etexcmds 2016/05/16 v1.6 Avoid name clashes with e-TeX commands (HO)

(/usr/local/texlive/2017/texmf-dist/tex/generic/oberdiek/ifluatex.sty
Package: ifluatex 2016/05/16 v1.4 Provides the ifluatex switch (HO)
Package ifluatex Info: LuaTeX not detected.
)
Package etexcmds Info: Could not find \expanded.
(etexcmds)             That can mean that you are not using pdfTeX 1.50 or
(etexcmds)             that some package has redefined \expanded.
(etexcmds)             In the latter case, load this package earlier.
)))
(/usr/local/texlive/2017/texmf-dist/tex/latex/natbib/natbib.sty
Package: natbib 2010/09/13 8.31b (PWD, AO)
\bibhang=\skip52
\bibsep=\skip53
LaTeX Info: Redefining \cite on input line 694.
\c@NAT@ctr=\count111
)
(/usr/local/texlive/2017/texmf-dist/tex/latex/hyperref/hyperref.sty
Package: hyperref 2017/03/14 v6.85a Hypertext links for LaTeX

(/usr/local/texlive/2017/texmf-dist/tex/generic/oberdiek/hobsub-hyperref.sty
Package: hobsub-hyperref 2016/05/16 v1.14 Bundle oberdiek, subset hyperref (HO)


(/usr/local/texlive/2017/texmf-dist/tex/generic/oberdiek/hobsub-generic.sty
Package: hobsub-generic 2016/05/16 v1.14 Bundle oberdiek, subset generic (HO)
Package: hobsub 2016/05/16 v1.14 Construct package bundles (HO)
Package hobsub Info: Skipping package `infwarerr' (already loaded).
Package hobsub Info: Skipping package `ltxcmds' (already loaded).
Package hobsub Info: Skipping package `ifluatex' (already loaded).
Package: ifvtex 2016/05/16 v1.6 Detect VTeX and its facilities (HO)
Package ifvtex Info: VTeX not detected.
Package: intcalc 2016/05/16 v1.2 Expandable calculations with integers (HO)
Package: ifpdf 2017/03/15 v3.2 Provides the ifpdf switch
Package hobsub Info: Skipping package `etexcmds' (already loaded).
Package: kvsetkeys 2016/05/16 v1.17 Key value parser (HO)
Package: kvdefinekeys 2016/05/16 v1.4 Define keys (HO)
Package: pdftexcmds 2017/03/19 v0.25 Utility functions of pdfTeX for LuaTeX (HO
)
Package pdftexcmds Info: LuaTeX not detected.
Package pdftexcmds Info: \pdf@primitive is available.
Package pdftexcmds Info: \pdf@ifprimitive is available.
Package pdftexcmds Info: \pdfdraftmode found.
Package: pdfescape 2016/05/16 v1.14 Implements pdfTeX's escape features (HO)
Package: bigintcalc 2016/05/16 v1.4 Expandable calculations on big integers (HO
)
Package: bitset 2016/05/16 v1.2 Handle bit-vector datatype (HO)
Package: uniquecounter 2016/05/16 v1.3 Provide unlimited unique counter (HO)
)
Package hobsub Info: Skipping package `hobsub' (already loaded).
Package: letltxmacro 2016/05/16 v1.5 Let assignment for LaTeX macros (HO)
Package: hopatch 2016/05/16 v1.3 Wrapper for package hooks (HO)
Package: xcolor-patch 2016/05/16 xcolor patch
Package: atveryend 2016/05/16 v1.9 Hooks at the very end of document (HO)
Package: atbegshi 2016/06/09 v1.18 At begin shipout hook (HO)
Package: refcount 2016/05/16 v3.5 Data extraction from label references (HO)
Package: hycolor 2016/05/16 v1.8 Color options for hyperref/bookmark (HO)
)
(/usr/local/texlive/2017/texmf-dist/tex/generic/ifxetex/ifxetex.sty
Package: ifxetex 2010/09/12 v0.6 Provides ifxetex conditional
)
(/usr/local/texlive/2017/texmf-dist/tex/latex/oberdiek/auxhook.sty
Package: auxhook 2016/05/16 v1.4 Hooks for auxiliary files (HO)
)
(/usr/local/texlive/2017/texmf-dist/tex/latex/oberdiek/kvoptions.sty
Package: kvoptions 2016/05/16 v3.12 Key value format for package options (HO)
)
\@linkdim=\dimen123
\Hy@linkcounter=\count112
\Hy@pagecounter=\count113

(/usr/local/texlive/2017/texmf-dist/tex/latex/hyperref/pd1enc.def
File: pd1enc.def 2017/03/14 v6.85a Hyperref: PDFDocEncoding definition (HO)
)
\Hy@SavedSpaceFactor=\count114

(/usr/local/texlive/2017/texmf-dist/tex/latex/latexconfig/hyperref.cfg
File: hyperref.cfg 2002/06/06 v1.2 hyperref configuration of TeXLive
)
Package hyperref Info: Option `colorlinks' set `true' on input line 4374.
Package hyperref Info: Option `linktocpage' set `true' on input line 4374.
Package hyperref Info: Option `colorlinks' set `true' on input line 4374.
Package hyperref Info: Hyper figures OFF on input line 4498.
Package hyperref Info: Link nesting OFF on input line 4503.
Package hyperref Info: Hyper index ON on input line 4506.
Package hyperref Info: Plain pages OFF on input line 4513.
Package hyperref Info: Backreferencing OFF on input line 4518.
Package hyperref Info: Implicit mode ON; LaTeX internals redefined.
Package hyperref Info: Bookmarks ON on input line 4751.
\c@Hy@tempcnt=\count115

(/usr/local/texlive/2017/texmf-dist/tex/latex/url/url.sty
\Urlmuskip=\muskip11
Package: url 2013/09/16  ver 3.4  Verb mode for urls, etc.
)
LaTeX Info: Redefining \url on input line 5104.
\XeTeXLinkMargin=\dimen124
\Fld@menulength=\count116
\Field@Width=\dimen125
\Fld@charsize=\dimen126
Package hyperref Info: Hyper figures OFF on input line 6358.
Package hyperref Info: Link nesting OFF on input line 6363.
Package hyperref Info: Hyper index ON on input line 6366.
Package hyperref Info: backreferencing OFF on input line 6373.
Package hyperref Info: Link coloring ON on input line 6376.
Package hyperref Info: Link coloring with OCG OFF on input line 6383.
Package hyperref Info: PDF/A mode OFF on input line 6388.
LaTeX Info: Redefining \ref on input line 6428.
LaTeX Info: Redefining \pageref on input line 6432.
\Hy@abspage=\count117
\c@Item=\count118
\c@Hfootnote=\count119
)

Package hyperref Message: Driver (autodetected): hpdftex.

(/usr/local/texlive/2017/texmf-dist/tex/latex/hyperref/hpdftex.def
File: hpdftex.def 2017/03/14 v6.85a Hyperref driver for pdfTeX
\Fld@listcount=\count120
\c@bookmark@seq@number=\count121

(/usr/local/texlive/2017/texmf-dist/tex/latex/oberdiek/rerunfilecheck.sty
Package: rerunfilecheck 2016/05/16 v1.8 Rerun checks for auxiliary files (HO)
Package uniquecounter Info: New unique counter `rerunfilecheck' on input line 2
82.
)
\Hy@SectionHShift=\skip54
)
(/usr/local/texlive/2017/texmf-dist/tex/latex/graphics/graphicx.sty
Package: graphicx 2014/10/28 v1.0g Enhanced LaTeX Graphics (DPC,SPQR)

(/usr/local/texlive/2017/texmf-dist/tex/latex/graphics/graphics.sty
Package: graphics 2017/04/14 v1.1b Standard LaTeX Graphics (DPC,SPQR)

(/usr/local/texlive/2017/texmf-dist/tex/latex/graphics/trig.sty
Package: trig 2016/01/03 v1.10 sin cos tan (DPC)
)
(/usr/local/texlive/2017/texmf-dist/tex/latex/graphics-cfg/graphics.cfg
File: graphics.cfg 2016/06/04 v1.11 sample graphics configuration
)
Package graphics Info: Driver file: pdftex.def on input line 99.

(/usr/local/texlive/2017/texmf-dist/tex/latex/graphics-def/pdftex.def
File: pdftex.def 2017/01/12 v0.06k Graphics/color for pdfTeX
\Gread@gobject=\count122
))
\Gin@req@height=\dimen127
\Gin@req@width=\dimen128
)
(/usr/local/texlive/2017/texmf-dist/tex/latex/oberdiek/epstopdf.sty
Package: epstopdf 2016/05/15 v2.6 Conversion with epstopdf on the fly (HO)

(/usr/local/texlive/2017/texmf-dist/tex/latex/oberdiek/epstopdf-base.sty
Package: epstopdf-base 2016/05/15 v2.6 Base part for package epstopdf

(/usr/local/texlive/2017/texmf-dist/tex/latex/oberdiek/grfext.sty
Package: grfext 2016/05/16 v1.2 Manage graphics extensions (HO)
)
Package epstopdf-base Info: Redefining graphics rule for `.eps' on input line 4
38.
Package grfext Info: Graphics extension search list:
(grfext)             [.png,.pdf,.jpg,.mps,.jpeg,.jbig2,.jb2,.PNG,.PDF,.JPG,.JPE
G,.JBIG2,.JB2,.eps]
(grfext)             \AppendGraphicsExtensions on input line 456.

(/usr/local/texlive/2017/texmf-dist/tex/latex/latexconfig/epstopdf-sys.cfg
File: epstopdf-sys.cfg 2010/07/13 v1.3 Configuration of (r)epstopdf for TeX Liv
e
)))
\c@axiom=\count123
\c@theorem=\count124
\c@example=\count125

(./Second_Form_V1.aux

LaTeX Warning: Label `3-D paraboloid' multiply defined.


LaTeX Warning: Label `model' multiply defined.


LaTeX Warning: Label `fig:example' multiply defined.


LaTeX Warning: Label `fig:example' multiply defined.


LaTeX Warning: Label `fig:example' multiply defined.


LaTeX Warning: Label `optimal' multiply defined.

)
\openout1 = `Second_Form_V1.aux'.

LaTeX Font Info:    Checking defaults for OML/cmm/m/it on input line 50.
LaTeX Font Info:    ... okay on input line 50.
LaTeX Font Info:    Checking defaults for T1/cmr/m/n on input line 50.
LaTeX Font Info:    ... okay on input line 50.
LaTeX Font Info:    Checking defaults for OT1/cmr/m/n on input line 50.
LaTeX Font Info:    ... okay on input line 50.
LaTeX Font Info:    Checking defaults for OMS/cmsy/m/n on input line 50.
LaTeX Font Info:    ... okay on input line 50.
LaTeX Font Info:    Checking defaults for OMX/cmex/m/n on input line 50.
LaTeX Font Info:    ... okay on input line 50.
LaTeX Font Info:    Checking defaults for U/cmr/m/n on input line 50.
LaTeX Font Info:    ... okay on input line 50.
LaTeX Font Info:    Checking defaults for TS1/cmr/m/n on input line 50.
LaTeX Font Info:    Try loading font information for TS1+cmr on input line 50.
 (/usr/local/texlive/2017/texmf-dist/tex/latex/base/ts1cmr.fd
File: ts1cmr.fd 2014/09/29 v2.5h Standard LaTeX font definitions
)
LaTeX Font Info:    ... okay on input line 50.
LaTeX Font Info:    Checking defaults for PD1/pdf/m/n on input line 50.
LaTeX Font Info:    ... okay on input line 50.
\AtBeginShipoutBox=\box31

(/usr/local/texlive/2017/texmf-dist/tex/latex/graphics/color.sty
Package: color 2016/07/10 v1.1e Standard LaTeX Color (DPC)

(/usr/local/texlive/2017/texmf-dist/tex/latex/graphics-cfg/color.cfg
File: color.cfg 2016/01/02 v1.6 sample color configuration
)
Package color Info: Driver file: pdftex.def on input line 147.
)
Package hyperref Info: Link coloring ON on input line 50.

(/usr/local/texlive/2017/texmf-dist/tex/latex/hyperref/nameref.sty
Package: nameref 2016/05/21 v2.44 Cross-referencing by name of section

(/usr/local/texlive/2017/texmf-dist/tex/generic/oberdiek/gettitlestring.sty
Package: gettitlestring 2016/05/16 v1.5 Cleanup title references (HO)
)
\c@section@level=\count126
)
LaTeX Info: Redefining \ref on input line 50.
LaTeX Info: Redefining \pageref on input line 50.
LaTeX Info: Redefining \nameref on input line 50.

(./Second_Form_V1.out) (./Second_Form_V1.out)
\@outlinefile=\write3
\openout3 = `Second_Form_V1.out'.


(/usr/local/texlive/2017/texmf-dist/tex/context/base/mkii/supp-pdf.mkii
[Loading MPS to PDF converter (version 2006.09.02).]
\scratchcounter=\count127
\scratchdimen=\dimen129
\scratchbox=\box32
\nofMPsegments=\count128
\nofMParguments=\count129
\everyMPshowfont=\toks33
\MPscratchCnt=\count130
\MPscratchDim=\dimen130
\MPnumerator=\count131
\makeMPintoPDFobject=\count132
\everyMPtoPDFconversion=\toks34
)
LaTeX Font Info:    Font shape `T1/ptm/bx/n' in size <11> not available
(Font)              Font shape `T1/ptm/b/n' tried instead on input line 53.
LaTeX Font Info:    Calculating math sizes for size <11> on input line 53.


LaTeX Font Warning: Font shape `OT1/cmr/m/n' in size <5.5> not available
(Font)              size <5> substituted on input line 53.


LaTeX Font Warning: Font shape `OML/cmm/m/it' in size <5.5> not available
(Font)              size <5> substituted on input line 53.


LaTeX Font Warning: Font shape `OMS/cmsy/m/n' in size <5.5> not available
(Font)              size <5> substituted on input line 53.

LaTeX Font Info:    Try loading font information for U+msa on input line 53.
(/usr/local/texlive/2017/texmf-dist/tex/latex/amsfonts/umsa.fd
File: umsa.fd 2013/01/14 v3.01 AMS symbols A
)
LaTeX Font Info:    Try loading font information for U+msb on input line 53.

(/usr/local/texlive/2017/texmf-dist/tex/latex/amsfonts/umsb.fd
File: umsb.fd 2013/01/14 v3.01 AMS symbols B
)
LaTeX Font Info:    Font shape `T1/ptm/bx/n' in size <7.69997> not available
(Font)              Font shape `T1/ptm/b/n' tried instead on input line 66.


LaTeX Warning: Reference `Athanks' on page 1 undefined on input line 66.


LaTeX Warning: Reference `Bthanks' on page 1 undefined on input line 67.


LaTeX Warning: Reference `e2thanks' on page 1 undefined on input line 67.


LaTeX Warning: Reference `Bthanks' on page 1 undefined on input line 69.


LaTeX Warning: Reference `e3thanks' on page 1 undefined on input line 69.

[1{/usr/local/texlive/2017/texmf-var/fonts/map/pdftex/updmap/pdftex.map}

]
Package epstopdf Info: Source file: <demo_phi.eps>
(epstopdf)                    date: 2020-12-24 13:44:18
(epstopdf)                    size: 22248 bytes
(epstopdf)             Output file: <demo_phi-eps-converted-to.pdf>
(epstopdf)                    date: 2020-12-24 13:44:29
(epstopdf)                    size: 6850 bytes
(epstopdf)             Command: <repstopdf --outfile=demo_phi-eps-converted-to.
pdf demo_phi.eps>
(epstopdf)             \includegraphics on input line 152.
Package epstopdf Info: Output file is already uptodate.

<demo_phi-eps-converted-to.pdf, id=212, 969.6225pt x 351.3125pt>
File: demo_phi-eps-converted-to.pdf Graphic file (type pdf)

<use demo_phi-eps-converted-to.pdf>
Package pdftex.def Info: demo_phi-eps-converted-to.pdf used on input line 152.
(pdftex.def)             Requested size: 361.34999pt x 130.92705pt.


LaTeX Warning: `!h' float specifier changed to `!ht'.

Package epstopdf Info: Source file: <democ3.eps>
(epstopdf)                    date: 2020-12-24 15:03:00
(epstopdf)                    size: 75277 bytes
(epstopdf)             Output file: <democ3-eps-converted-to.pdf>
(epstopdf)                    date: 2020-12-24 15:03:35
(epstopdf)                    size: 27650 bytes
(epstopdf)             Command: <repstopdf --outfile=democ3-eps-converted-to.pd
f democ3.eps>
(epstopdf)             \includegraphics on input line 174.
Package epstopdf Info: Output file is already uptodate.
<democ3-eps-converted-to.pdf, id=213, 1074.0125pt x 435.6275pt>
File: democ3-eps-converted-to.pdf Graphic file (type pdf)

<use democ3-eps-converted-to.pdf>
Package pdftex.def Info: democ3-eps-converted-to.pdf used on input line 174.
(pdftex.def)             Requested size: 406.0pt x 164.67604pt.
 [2] [3 <./demo_phi-eps-converted-to.pdf> <./democ3-eps-converted-to.pdf>] [4] 
[5] [6]
Package epstopdf Info: Source file: <demo.eps>
(epstopdf)                    date: 2020-10-21 11:18:58
(epstopdf)                    size: 200160 bytes
(epstopdf)             Output file: <demo-eps-converted-to.pdf>
(epstopdf)                    date: 2020-10-22 20:33:12
(epstopdf)                    size: 347519 bytes
(epstopdf)             Command: <repstopdf --outfile=demo-eps-converted-to.pdf 
demo.eps>
(epstopdf)             \includegraphics on input line 330.
Package epstopdf Info: Output file is already uptodate.

<demo-eps-converted-to.pdf, id=274, 562.1pt x 421.575pt>
File: demo-eps-converted-to.pdf Graphic file (type pdf)

<use demo-eps-converted-to.pdf>
Package pdftex.def Info: demo-eps-converted-to.pdf used on input line 330.
(pdftex.def)             Requested size: 180.67499pt x 135.50499pt.
LaTeX Font Info:    Try loading font information for U+bbm on input line 336.

(/usr/local/texlive/2017/texmf-dist/tex/latex/bbm-macros/ubbm.fd
File: ubbm.fd 1999/03/15 V 1.2 Font definition for bbm font - TH
)

LaTeX Font Warning: Font shape `U/bbm/m/n' in size <5.5> not available
(Font)              size <5> substituted on input line 336.

[7 <./demo-eps-converted-to.pdf>] [8] [9]

Package hyperref Warning: Token not allowed in a PDF string (PDFDocEncoding):
(hyperref)                removing `math shift' on input line 486.


Package hyperref Warning: Token not allowed in a PDF string (PDFDocEncoding):
(hyperref)                removing `superscript' on input line 486.


Package hyperref Warning: Token not allowed in a PDF string (PDFDocEncoding):
(hyperref)                removing `math shift' on input line 486.

[10]

Package hyperref Warning: Token not allowed in a PDF string (PDFDocEncoding):
(hyperref)                removing `math shift' on input line 596.


Package hyperref Warning: Token not allowed in a PDF string (PDFDocEncoding):
(hyperref)                removing `superscript' on input line 596.


Package hyperref Warning: Token not allowed in a PDF string (PDFDocEncoding):
(hyperref)                removing `math shift' on input line 596.


Package hyperref Warning: Token not allowed in a PDF string (PDFDocEncoding):
(hyperref)                removing `math shift' on input line 596.


Package hyperref Warning: Token not allowed in a PDF string (PDFDocEncoding):
(hyperref)                removing `\theta' on input line 596.


Package hyperref Warning: Token not allowed in a PDF string (PDFDocEncoding):
(hyperref)                removing `subscript' on input line 596.


Package hyperref Warning: Token not allowed in a PDF string (PDFDocEncoding):
(hyperref)                removing `math shift' on input line 596.

[11] [12]

Package hyperref Warning: Token not allowed in a PDF string (PDFDocEncoding):
(hyperref)                removing `math shift' on input line 666.


Package hyperref Warning: Token not allowed in a PDF string (PDFDocEncoding):
(hyperref)                removing `superscript' on input line 666.


Package hyperref Warning: Token not allowed in a PDF string (PDFDocEncoding):
(hyperref)                removing `math shift' on input line 666.

Package epstopdf Info: Source file: <saddle.eps>
(epstopdf)                    date: 2020-12-06 14:44:06
(epstopdf)                    size: 256529 bytes
(epstopdf)             Output file: <saddle-eps-converted-to.pdf>
(epstopdf)                    date: 2020-12-06 14:45:31
(epstopdf)                    size: 428484 bytes
(epstopdf)             Command: <repstopdf --outfile=saddle-eps-converted-to.pd
f saddle.eps>
(epstopdf)             \includegraphics on input line 700.
Package epstopdf Info: Output file is already uptodate.
<saddle-eps-converted-to.pdf, id=356, 1123.19624pt x 419.5675pt>
File: saddle-eps-converted-to.pdf Graphic file (type pdf)

<use saddle-eps-converted-to.pdf>
Package pdftex.def Info: saddle-eps-converted-to.pdf used on input line 700.
(pdftex.def)             Requested size: 406.0pt x 151.65878pt.
 [13]
Package epstopdf Info: Source file: <demo3.eps>
(epstopdf)                    date: 2020-11-21 12:57:46
(epstopdf)                    size: 53596 bytes
(epstopdf)             Output file: <demo3-eps-converted-to.pdf>
(epstopdf)                    date: 2020-11-21 12:59:30
(epstopdf)                    size: 20487 bytes
(epstopdf)             Command: <repstopdf --outfile=demo3-eps-converted-to.pdf
 demo3.eps>
(epstopdf)             \includegraphics on input line 756.
Package epstopdf Info: Output file is already uptodate.

<demo3-eps-converted-to.pdf, id=365, 562.1pt x 421.575pt>
File: demo3-eps-converted-to.pdf Graphic file (type pdf)

<use demo3-eps-converted-to.pdf>
Package pdftex.def Info: demo3-eps-converted-to.pdf used on input line 756.
(pdftex.def)             Requested size: 243.60248pt x 182.70177pt.
 [14 <./saddle-eps-converted-to.pdf>] [15 <./demo3-eps-converted-to.pdf>] [16] 
[17]
Package epstopdf Info: Source file: <fit_demo.eps>
(epstopdf)                    date: 2020-12-01 14:25:06
(epstopdf)                    size: 84495 bytes
(epstopdf)             Output file: <fit_demo-eps-converted-to.pdf>
(epstopdf)                    date: 2020-12-01 14:25:59
(epstopdf)                    size: 43562 bytes
(epstopdf)             Command: <repstopdf --outfile=fit_demo-eps-converted-to.
pdf fit_demo.eps>
(epstopdf)             \includegraphics on input line 982.
Package epstopdf Info: Output file is already uptodate.

<fit_demo-eps-converted-to.pdf, id=421, 724.7075pt x 613.29124pt>
File: fit_demo-eps-converted-to.pdf Graphic file (type pdf)

<use fit_demo-eps-converted-to.pdf>
Package pdftex.def Info: fit_demo-eps-converted-to.pdf used on input line 982.
(pdftex.def)             Requested size: 263.89752pt x 223.33006pt.
 [18 <./fit_demo-eps-converted-to.pdf>]
[19] [20] [21] [22]
Overfull \hbox (10.62729pt too wide) in paragraph at lines 1215--1216
[][][]\T1/ptm/m/sc/11 Example \T1/ptm/m/n/11 3\T1/ptm/m/sc/11 . []\T1/ptm/m/n/1
1 For the swiss-roll in the 2-D space, the para-met-ric equa-tion is $[]$.
 []

Package epstopdf Info: Source file: <circle_result.eps>
(epstopdf)                    date: 2020-12-22 09:07:53
(epstopdf)                    size: 157903 bytes
(epstopdf)             Output file: <circle_result-eps-converted-to.pdf>
(epstopdf)                    date: 2020-12-22 09:09:08
(epstopdf)                    size: 89104 bytes
(epstopdf)             Command: <repstopdf --outfile=circle_result-eps-converte
d-to.pdf circle_result.eps>
(epstopdf)             \includegraphics on input line 1247.
Package epstopdf Info: Output file is already uptodate.
<circle_result-eps-converted-to.pdf, id=470, 1224.575pt x 353.32pt>
File: circle_result-eps-converted-to.pdf Graphic file (type pdf)

<use circle_result-eps-converted-to.pdf>
Package pdftex.def Info: circle_result-eps-converted-to.pdf used on input line 
1247.
(pdftex.def)             Requested size: 406.0pt x 117.14047pt.
Package epstopdf Info: Source file: <swiss_roll.eps>
(epstopdf)                    date: 2020-12-22 09:00:16
(epstopdf)                    size: 126446 bytes
(epstopdf)             Output file: <swiss_roll-eps-converted-to.pdf>
(epstopdf)                    date: 2020-12-22 09:00:30
(epstopdf)                    size: 69346 bytes
(epstopdf)             Command: <repstopdf --outfile=swiss_roll-eps-converted-t
o.pdf swiss_roll.eps>
(epstopdf)             \includegraphics on input line 1248.
Package epstopdf Info: Output file is already uptodate.

<swiss_roll-eps-converted-to.pdf, id=471, 1116.17pt x 343.2825pt>
File: swiss_roll-eps-converted-to.pdf Graphic file (type pdf)

<use swiss_roll-eps-converted-to.pdf>
Package pdftex.def Info: swiss_roll-eps-converted-to.pdf used on input line 124
8.
(pdftex.def)             Requested size: 406.0pt x 124.86491pt.
Package epstopdf Info: Source file: <sin_curve2.eps>
(epstopdf)                    date: 2020-12-22 08:39:48
(epstopdf)                    size: 79837 bytes
(epstopdf)             Output file: <sin_curve2-eps-converted-to.pdf>
(epstopdf)                    date: 2020-12-22 08:40:59
(epstopdf)                    size: 40007 bytes
(epstopdf)             Command: <repstopdf --outfile=sin_curve2-eps-converted-t
o.pdf sin_curve2.eps>
(epstopdf)             \includegraphics on input line 1249.
Package epstopdf Info: Output file is already uptodate.

<sin_curve2-eps-converted-to.pdf, id=472, 1156.32pt x 341.275pt>
File: sin_curve2-eps-converted-to.pdf Graphic file (type pdf)

<use sin_curve2-eps-converted-to.pdf>
Package pdftex.def Info: sin_curve2-eps-converted-to.pdf used on input line 124
9.
(pdftex.def)             Requested size: 406.0pt x 119.82297pt.
 [23]
Missing character: There is no ï in font cmr10!
Missing character: There is no ¼ in font cmr10!
Missing character: There is no Œ in font cmr10!
 [24 <./circle_result-eps-converted-to.pdf> <./swiss_roll-eps-converted-to.pdf>
 <./sin_curve2-eps-converted-to.pdf>]
Package epstopdf Info: Source file: <compare_linear_nonliear.eps>
(epstopdf)                    date: 2020-11-22 18:01:08
(epstopdf)                    size: 57101 bytes
(epstopdf)             Output file: <compare_linear_nonliear-eps-converted-to.p
df>
(epstopdf)                    date: 2020-11-22 18:03:16
(epstopdf)                    size: 25139 bytes
(epstopdf)             Command: <repstopdf --outfile=compare_linear_nonliear-ep
s-converted-to.pdf compare_linear_nonliear.eps>
(epstopdf)             \includegraphics on input line 1289.
Package epstopdf Info: Output file is already uptodate.

<compare_linear_nonliear-eps-converted-to.pdf, id=503, 1097.09875pt x 471.7625p
t>
File: compare_linear_nonliear-eps-converted-to.pdf Graphic file (type pdf)
 <use compare_linear_nonliear-eps-converted-to.pdf>
Package pdftex.def Info: compare_linear_nonliear-eps-converted-to.pdf used on i
nput line 1289.
(pdftex.def)             Requested size: 284.19876pt x 122.20184pt.
 [25 <./compare_linear_nonliear-eps-converted-to.pdf>]
Package epstopdf Info: Source file: <parameter_rh.eps>
(epstopdf)                    date: 2020-11-22 18:01:32
(epstopdf)                    size: 36508 bytes
(epstopdf)             Output file: <parameter_rh-eps-converted-to.pdf>
(epstopdf)                    date: 2020-11-22 18:03:45
(epstopdf)                    size: 22431 bytes
(epstopdf)             Command: <repstopdf --outfile=parameter_rh-eps-converted
-to.pdf parameter_rh.eps>
(epstopdf)             \includegraphics on input line 1320.
Package epstopdf Info: Output file is already uptodate.

<parameter_rh-eps-converted-to.pdf, id=518, 562.1pt x 421.575pt>
File: parameter_rh-eps-converted-to.pdf Graphic file (type pdf)

<use parameter_rh-eps-converted-to.pdf>
Package pdftex.def Info: parameter_rh-eps-converted-to.pdf used on input line 1
320.
(pdftex.def)             Requested size: 243.60248pt x 182.70177pt.
 [26 <./parameter_rh-eps-converted-to.pdf>] [27]

LaTeX Font Warning: Font shape `OT1/cmr/bx/n' in size <5.5> not available
(Font)              size <5> substituted on input line 1418.


LaTeX Font Warning: Font shape `OML/cmm/b/it' in size <5.5> not available
(Font)              size <5> substituted on input line 1418.


LaTeX Font Warning: Font shape `OMS/cmsy/b/n' in size <5.5> not available
(Font)              size <5> substituted on input line 1418.


Package hyperref Warning: Token not allowed in a PDF string (PDFDocEncoding):
(hyperref)                removing `math shift' on input line 1418.


Package hyperref Warning: Token not allowed in a PDF string (PDFDocEncoding):
(hyperref)                removing `subscript' on input line 1418.


Package hyperref Warning: Token not allowed in a PDF string (PDFDocEncoding):
(hyperref)                removing `math shift' on input line 1418.

[28] [29]

Package hyperref Warning: Token not allowed in a PDF string (PDFDocEncoding):
(hyperref)                removing `math shift' on input line 1682.


Package hyperref Warning: Token not allowed in a PDF string (PDFDocEncoding):
(hyperref)                removing `superscript' on input line 1682.


Package hyperref Warning: Token not allowed in a PDF string (PDFDocEncoding):
(hyperref)                removing `math shift' on input line 1682.

[30] (./Second_Form_V1.bbl
LaTeX Font Info:    Font shape `T1/ptm/bx/n' in size <9> not available
(Font)              Font shape `T1/ptm/b/n' tried instead on input line 14.

Underfull \hbox (badness 4328) in paragraph at lines 64--85
[]\T1/ptm/m/sc/9 Goodfellow, I.\T1/ptm/m/n/9 , \T1/ptm/m/sc/9 Pouget-Abadie, J.
\T1/ptm/m/n/9 , \T1/ptm/m/sc/9 Mirza, M.\T1/ptm/m/n/9 , \T1/ptm/m/sc/9 Xu, B.\T
1/ptm/m/n/9 , \T1/ptm/m/sc/9 Warde-Farley, D.\T1/ptm/m/n/9 , \T1/ptm/m/sc/9 Oza
ir, S.\T1/ptm/m/n/9 ,
 []

[31])
Package atveryend Info: Empty hook `BeforeClearDocument' on input line 2103.
 [32]
Package atveryend Info: Empty hook `AfterLastShipout' on input line 2103.
 (./Second_Form_V1.aux)
Package atveryend Info: Executing hook `AtVeryEndDocument' on input line 2103.
Package atveryend Info: Executing hook `AtEndAfterFileList' on input line 2103.

Package rerunfilecheck Info: File `Second_Form_V1.out' has not changed.
(rerunfilecheck)             Checksum: 4F5B463250E15B60FF752D6363F8AD0E;2647.


LaTeX Font Warning: Size substitutions with differences
(Font)              up to 0.5pt have occurred.


LaTeX Warning: There were undefined references.


LaTeX Warning: There were multiply-defined labels.

 ) 
Here is how much of TeX's memory you used:
 8758 strings out of 492995
 124818 string characters out of 6132704
 214205 words of memory out of 5000000
 11968 multiletter control sequences out of 15000+600000
 60468 words of font info for 88 fonts, out of 8000000 for 9000
 1141 hyphenation exceptions out of 8191
 35i,9n,32p,1065b,482s stack positions out of 5000i,500n,10000p,200000b,80000s
pdfTeX warning (dest): name{e3} has been referenced but does not exist, repla
ced by a fixed one

pdfTeX warning (dest): name{e2} has been referenced but does not exist, replace
d by a fixed one

pdfTeX warning (dest): name{B} has been referenced but does not exist, replaced
 by a fixed one

pdfTeX warning (dest): name{A} has been referenced but does not exist, replaced
 by a fixed one

 </Users/dizheng/Library/texlive/2017/texmf-var/fonts/pk/ljfour/public/bbm/bbm1
0.657pk>{/usr/local/texlive/2017/texmf-dist/fonts/enc/dvips/base/8r.enc}</usr/l
ocal/texlive/2017/texmf-dist/fonts/type1/public/amsfonts/cm/cmbx8.pfb></usr/loc
al/texlive/2017/texmf-dist/fonts/type1/public/amsfonts/cm/cmex10.pfb></usr/loca
l/texlive/2017/texmf-dist/fonts/type1/public/amsfonts/cm/cmmi10.pfb></usr/local
/texlive/2017/texmf-dist/fonts/type1/public/amsfonts/cm/cmmi5.pfb></usr/local/t
exlive/2017/texmf-dist/fonts/type1/public/amsfonts/cm/cmmi8.pfb></usr/local/tex
live/2017/texmf-dist/fonts/type1/public/amsfonts/cm/cmmi9.pfb></usr/local/texli
ve/2017/texmf-dist/fonts/type1/public/amsfonts/cm/cmmib10.pfb></usr/local/texli
ve/2017/texmf-dist/fonts/type1/public/amsfonts/cmextra/cmmib8.pfb></usr/local/t
exlive/2017/texmf-dist/fonts/type1/public/amsfonts/cm/cmr10.pfb></usr/local/tex
live/2017/texmf-dist/fonts/type1/public/amsfonts/cm/cmr5.pfb></usr/local/texliv
e/2017/texmf-dist/fonts/type1/public/amsfonts/cm/cmr8.pfb></usr/local/texlive/2
017/texmf-dist/fonts/type1/public/amsfonts/cm/cmr9.pfb></usr/local/texlive/2017
/texmf-dist/fonts/type1/public/amsfonts/cm/cmsy10.pfb></usr/local/texlive/2017/
texmf-dist/fonts/type1/public/amsfonts/cm/cmsy5.pfb></usr/local/texlive/2017/te
xmf-dist/fonts/type1/public/amsfonts/cm/cmsy8.pfb></usr/local/texlive/2017/texm
f-dist/fonts/type1/public/amsfonts/cm/cmsy9.pfb></usr/local/texlive/2017/texmf-
dist/fonts/type1/public/amsfonts/symbols/msbm10.pfb></usr/local/texlive/2017/te
xmf-dist/fonts/type1/urw/times/utmb8a.pfb></usr/local/texlive/2017/texmf-dist/f
onts/type1/urw/times/utmr8a.pfb></usr/local/texlive/2017/texmf-dist/fonts/type1
/urw/times/utmri8a.pfb>
Output written on Second_Form_V1.pdf (32 pages, 1445830 bytes).
PDF statistics:
 695 PDF objects out of 1000 (max. 8388607)
 602 compressed objects within 7 object streams
 165 named destinations out of 1000 (max. 500000)
 360 words of extra memory for PDF output out of 10000 (max. 10000000)

